  boss.cpp
H:\ZHC_C++\Staff_management_system\Staff_management_system\boss.h(1,1): warning C4819: 该文件包含不能在当前代码页(936)中表示的字符。请将该文件保存为 Unicode 格式以防止数据丢失
H:\ZHC_C++\Staff_management_system\Staff_management_system\worker.h(1,1): warning C4819: 该文件包含不能在当前代码页(936)中表示的字符。请将该文件保存为 Unicode 格式以防止数据丢失
  employee.cpp
H:\ZHC_C++\Staff_management_system\Staff_management_system\employee.h(1,1): warning C4819: 该文件包含不能在当前代码页(936)中表示的字符。请将该文件保存为 Unicode 格式以防止数据丢失
H:\ZHC_C++\Staff_management_system\Staff_management_system\worker.h(1,1): warning C4819: 该文件包含不能在当前代码页(936)中表示的字符。请将该文件保存为 Unicode 格式以防止数据丢失
  manager.cpp
H:\ZHC_C++\Staff_management_system\Staff_management_system\manager.cpp(1,1): warning C4819: 该文件包含不能在当前代码页(936)中表示的字符。请将该文件保存为 Unicode 格式以防止数据丢失
H:\ZHC_C++\Staff_management_system\Staff_management_system\manager.h(1,1): warning C4819: 该文件包含不能在当前代码页(936)中表示的字符。请将该文件保存为 Unicode 格式以防止数据丢失
H:\ZHC_C++\Staff_management_system\Staff_management_system\worker.h(1,1): warning C4819: 该文件包含不能在当前代码页(936)中表示的字符。请将该文件保存为 Unicode 格式以防止数据丢失
  Staff_management_system.cpp
H:\ZHC_C++\Staff_management_system\Staff_management_system\Staff_management_system.cpp(1,1): warning C4819: 该文件包含不能在当前代码页(936)中表示的字符。请将该文件保存为 Unicode 格式以防止数据丢失
H:\ZHC_C++\Staff_management_system\Staff_management_system\workerManager.h(1,1): warning C4819: 该文件包含不能在当前代码页(936)中表示的字符。请将该文件保存为 Unicode 格式以防止数据丢失
H:\ZHC_C++\Staff_management_system\Staff_management_system\worker.h(1,1): warning C4819: 该文件包含不能在当前代码页(936)中表示的字符。请将该文件保存为 Unicode 格式以防止数据丢失
H:\ZHC_C++\Staff_management_system\Staff_management_system\employee.h(1,1): warning C4819: 该文件包含不能在当前代码页(936)中表示的字符。请将该文件保存为 Unicode 格式以防止数据丢失
H:\ZHC_C++\Staff_management_system\Staff_management_system\manager.h(1,1): warning C4819: 该文件包含不能在当前代码页(936)中表示的字符。请将该文件保存为 Unicode 格式以防止数据丢失
H:\ZHC_C++\Staff_management_system\Staff_management_system\boss.h(1,1): warning C4819: 该文件包含不能在当前代码页(936)中表示的字符。请将该文件保存为 Unicode 格式以防止数据丢失
  workerManager.cpp
H:\ZHC_C++\Staff_management_system\Staff_management_system\workerManager.cpp(1,1): warning C4819: 该文件包含不能在当前代码页(936)中表示的字符。请将该文件保存为 Unicode 格式以防止数据丢失
H:\ZHC_C++\Staff_management_system\Staff_management_system\workerManager.h(1,1): warning C4819: 该文件包含不能在当前代码页(936)中表示的字符。请将该文件保存为 Unicode 格式以防止数据丢失
H:\ZHC_C++\Staff_management_system\Staff_management_system\worker.h(1,1): warning C4819: 该文件包含不能在当前代码页(936)中表示的字符。请将该文件保存为 Unicode 格式以防止数据丢失
H:\ZHC_C++\Staff_management_system\Staff_management_system\employee.h(1,1): warning C4819: 该文件包含不能在当前代码页(936)中表示的字符。请将该文件保存为 Unicode 格式以防止数据丢失
H:\ZHC_C++\Staff_management_system\Staff_management_system\manager.h(1,1): warning C4819: 该文件包含不能在当前代码页(936)中表示的字符。请将该文件保存为 Unicode 格式以防止数据丢失
H:\ZHC_C++\Staff_management_system\Staff_management_system\boss.h(1,1): warning C4819: 该文件包含不能在当前代码页(936)中表示的字符。请将该文件保存为 Unicode 格式以防止数据丢失
  正在生成代码...
  Staff_management_system.vcxproj -> H:\ZHC_C++\Staff_management_system\Debug\Staff_management_system.exe
